#
# There is insufficient memory for the Java Runtime Environment to continue.
# Native memory allocation (mmap) failed to map 264241152 bytes. Error detail: G1 virtual space
# Possible reasons:
#   The system is out of physical RAM or swap space
#   This process is running with CompressedOops enabled, and the Java Heap may be blocking the growth of the native heap
# Possible solutions:
#   Reduce memory load on the system
#   Increase physical memory or swap space
#   Check if swap backing store is full
#   Decrease Java heap size (-Xmx/-Xms)
#   Decrease number of Java threads
#   Decrease Java thread stack sizes (-Xss)
#   Set larger code cache with -XX:ReservedCodeCacheSize=
#   JVM is running with Zero Based Compressed Oops mode in which the Java heap is
#     placed in the first 32GB address space. The Java Heap base address is the
#     maximum limit for the native heap growth. Please use -XX:HeapBaseMinAddress
#     to set the Java Heap base and to place the Java Heap above 32GB virtual address.
# This output file may be truncated or incomplete.
#
#  Out of Memory Error (os_windows.cpp:3703), pid=31768, tid=8064
#
# JRE version:  (23.0.1+11) (build )
# Java VM: OpenJDK 64-Bit Server VM (23.0.1+11-39, mixed mode, sharing, tiered, compressed oops, compressed class ptrs, g1 gc, windows-amd64)
# No core dump will be written. Minidumps are not enabled by default on client versions of Windows
#

---------------  S U M M A R Y ------------

Command Line: -Dmaven.multiModuleProjectDirectory=C:\Purav\College\SEM X\Microservices and Architecture\Quick Commerce Frontend + Backend\Quick Commerce Project\Backend\User-Service -Djansi.passthrough=true -Dmaven.home=C:\Users\shahp\.m2\wrapper\dists\apache-maven-3.9.9-bin\4nf9hui3q3djbarqar9g711ggc\apache-maven-3.9.9 -Dclassworlds.conf=C:\Users\shahp\.m2\wrapper\dists\apache-maven-3.9.9-bin\4nf9hui3q3djbarqar9g711ggc\apache-maven-3.9.9\bin\m2.conf -Dmaven.ext.class.path=C:\Program Files\JetBrains\IntelliJ IDEA Community Edition 2024.3.2\plugins\maven\lib\maven-event-listener.jar -javaagent:C:\Program Files\JetBrains\IntelliJ IDEA Community Edition 2024.3.2\lib\idea_rt.jar=64131:C:\Program Files\JetBrains\IntelliJ IDEA Community Edition 2024.3.2\bin -Dfile.encoding=UTF-8 -Dsun.stdout.encoding=UTF-8 -Dsun.stderr.encoding=UTF-8 org.codehaus.classworlds.Launcher -Didea.version=2024.3.2 -DskipTests=true clean package

Host: 12th Gen Intel(R) Core(TM) i5-12450H, 12 cores, 15G,  Windows 11 , 64 bit Build 26100 (10.0.26100.3323)
Time: Thu Apr  3 02:41:08 2025 India Standard Time elapsed time: 1.202206 seconds (0d 0h 0m 1s)

---------------  T H R E A D  ---------------

Current thread (0x000001e9ff4ad040):  JavaThread "Unknown thread" [_thread_in_vm, id=8064, stack(0x00000007b6600000,0x00000007b6700000) (1024K)]

Stack: [0x00000007b6600000,0x00000007b6700000]
Native frames: (J=compiled Java code, j=interpreted, Vv=VM code, C=native code)
V  [jvm.dll+0x6e08b9]  (no source info available)
V  [jvm.dll+0x87dc83]  (no source info available)
V  [jvm.dll+0x88010e]  (no source info available)
V  [jvm.dll+0x8807e3]  (no source info available)
V  [jvm.dll+0x27aee6]  (no source info available)
V  [jvm.dll+0x6dd1c5]  (no source info available)
V  [jvm.dll+0x6d104a]  (no source info available)
V  [jvm.dll+0x35b3ea]  (no source info available)
V  [jvm.dll+0x3637f6]  (no source info available)
V  [jvm.dll+0x34fd5e]  (no source info available)
V  [jvm.dll+0x34fff8]  (no source info available)
V  [jvm.dll+0x3289cc]  (no source info available)
V  [jvm.dll+0x32966e]  (no source info available)
V  [jvm.dll+0x844355]  (no source info available)
V  [jvm.dll+0x3b9848]  (no source info available)
V  [jvm.dll+0x82d14c]  (no source info available)
V  [jvm.dll+0x454d4e]  (no source info available)
V  [jvm.dll+0x456bd1]  (no source info available)
C  [jli.dll+0x52a3]  (no source info available)
C  [ucrtbase.dll+0x37b0]  (no source info available)
C  [KERNEL32.DLL+0x2e8d7]  (no source info available)
C  [ntdll.dll+0xbbf6c]  (no source info available)

Lock stack of current Java thread (top to bottom):


---------------  P R O C E S S  ---------------

Threads class SMR info:
_java_thread_list=0x00007ffa9d5d3618, length=0, elements={
}

Java Threads: ( => current thread )
Total: 0

Other Threads:
  0x000001e9ff5152e0 WorkerThread "GC Thread#0"                     [id=6260, stack(0x00000007b6700000,0x00000007b6800000) (1024K)]
  0x000001e9ff529c20 ConcurrentGCThread "G1 Main Marker"            [id=7576, stack(0x00000007b6800000,0x00000007b6900000) (1024K)]
  0x000001e9ff52a640 WorkerThread "G1 Conc#0"                       [id=14624, stack(0x00000007b6900000,0x00000007b6a00000) (1024K)]

[error occurred during error reporting (printing all threads), id 0xc0000005, EXCEPTION_ACCESS_VIOLATION (0xc0000005) at pc=0x00007ffa9cd1bfba]
VM state: not at safepoint (not fully initialized)

VM Mutex/Monitor currently owned by a thread:  ([mutex/lock_event])
[0x00007ffa9d653a10] Heap_lock - owner thread: 0x000001e9ff4ad040

Heap address: 0x00000004d8800000, size: 4018 MB, Compressed Oops mode: Zero based, Oop shift amount: 3

CDS archive(s) mapped at: [0x0000000000000000-0x0000000000000000-0x0000000000000000), size 0, SharedBaseAddress: 0x0000000800000000, ArchiveRelocationMode: 1.
Narrow klass base: 0x0000000000000000, Narrow klass shift: 0, Narrow klass range: 0x0

GC Precious Log:
 CardTable entry size: 512
 Card Set container configuration: InlinePtr #cards 4 size 8 Array Of Cards #cards 16 size 48 Howl #buckets 8 coarsen threshold 3686 Howl Bitmap #cards 512 size 80 coarsen threshold 460 Card regions per heap region 1 cards per card region 4096

Heap:
 garbage-first heap   total reserved 4114432K, committed 0K, used 0K [0x00000004d8800000, 0x00000005d3a00000)
  region size 2048K, 0 young (0K), 0 survivors (0K)

[error occurred during error reporting (printing heap information), id 0xc0000005, EXCEPTION_ACCESS_VIOLATION (0xc0000005) at pc=0x00007ffa9d11c3c9]
GC Heap History (0 events):
No events

Dll operation events (1 events):
Event: 0.039 Loaded shared library C:\Users\shahp\.jdks\openjdk-23.0.1\bin\java.dll

Deoptimization events (0 events):
No events

Classes loaded (0 events):
No events

Classes unloaded (0 events):
No events

Classes redefined (0 events):
No events

Internal exceptions (0 events):
No events

VM Operations (0 events):
No events

Memory protections (0 events):
No events

Nmethod flushes (0 events):
No events

Events (0 events):
No events


Dynamic libraries:
0x00007ff7f5f80000 - 0x00007ff7f5f8e000 	C:\Users\shahp\.jdks\openjdk-23.0.1\bin\java.exe
0x00007ffb1a4c0000 - 0x00007ffb1a723000 	C:\WINDOWS\SYSTEM32\ntdll.dll
0x00007ffb19150000 - 0x00007ffb19217000 	C:\WINDOWS\System32\KERNEL32.DLL
0x00007ffb17a20000 - 0x00007ffb17de9000 	C:\WINDOWS\System32\KERNELBASE.dll
0x00007ffb176c0000 - 0x00007ffb1780c000 	C:\WINDOWS\System32\ucrtbase.dll
0x00007ffad92d0000 - 0x00007ffad92eb000 	C:\Users\shahp\.jdks\openjdk-23.0.1\bin\VCRUNTIME140.dll
0x00007ffafd4d0000 - 0x00007ffafd4e7000 	C:\Users\shahp\.jdks\openjdk-23.0.1\bin\jli.dll
0x00007ffb196e0000 - 0x00007ffb198aa000 	C:\WINDOWS\System32\USER32.dll
0x00007ffafc1f0000 - 0x00007ffafc480000 	C:\WINDOWS\WinSxS\amd64_microsoft.windows.common-controls_6595b64144ccf1df_6.0.26100.3323_none_3e088096e3344490\COMCTL32.dll
0x00007ffb179f0000 - 0x00007ffb17a17000 	C:\WINDOWS\System32\win32u.dll
0x00007ffb1a110000 - 0x00007ffb1a1b9000 	C:\WINDOWS\System32\msvcrt.dll
0x00007ffb1a1c0000 - 0x00007ffb1a1ea000 	C:\WINDOWS\System32\GDI32.dll
0x00007ffb17810000 - 0x00007ffb17941000 	C:\WINDOWS\System32\gdi32full.dll
0x00007ffb18020000 - 0x00007ffb180c3000 	C:\WINDOWS\System32\msvcp_win.dll
0x00007ffb18a10000 - 0x00007ffb18a3f000 	C:\WINDOWS\System32\IMM32.DLL
0x00007ffaedf00000 - 0x00007ffaedf0c000 	C:\Users\shahp\.jdks\openjdk-23.0.1\bin\vcruntime140_1.dll
0x00007fface4e0000 - 0x00007fface56e000 	C:\Users\shahp\.jdks\openjdk-23.0.1\bin\msvcp140.dll
0x00007ffa9c9e0000 - 0x00007ffa9d72f000 	C:\Users\shahp\.jdks\openjdk-23.0.1\bin\server\jvm.dll
0x00007ffb1a2f0000 - 0x00007ffb1a3a2000 	C:\WINDOWS\System32\ADVAPI32.dll
0x00007ffb1a3b0000 - 0x00007ffb1a456000 	C:\WINDOWS\System32\sechost.dll
0x00007ffb18d90000 - 0x00007ffb18ea6000 	C:\WINDOWS\System32\RPCRT4.dll
0x00007ffb18eb0000 - 0x00007ffb18f24000 	C:\WINDOWS\System32\WS2_32.dll
0x00007ffb13fc0000 - 0x00007ffb13ff6000 	C:\WINDOWS\SYSTEM32\WINMM.dll
0x00007ffb16b20000 - 0x00007ffb16b6e000 	C:\WINDOWS\SYSTEM32\POWRPROF.dll
0x00007ffb0b570000 - 0x00007ffb0b57b000 	C:\WINDOWS\SYSTEM32\VERSION.dll
0x00007ffb16b00000 - 0x00007ffb16b14000 	C:\WINDOWS\SYSTEM32\UMPDC.dll
0x00007ffb164b0000 - 0x00007ffb164ca000 	C:\WINDOWS\SYSTEM32\kernel.appcore.dll
0x00007ffae46a0000 - 0x00007ffae46aa000 	C:\Users\shahp\.jdks\openjdk-23.0.1\bin\jimage.dll
0x00007ffb14e10000 - 0x00007ffb15051000 	C:\WINDOWS\SYSTEM32\DBGHELP.DLL
0x00007ffb19940000 - 0x00007ffb19cc2000 	C:\WINDOWS\System32\combase.dll
0x00007ffb19f40000 - 0x00007ffb1a016000 	C:\WINDOWS\System32\OLEAUT32.dll
0x00007ffaf6fc0000 - 0x00007ffaf6ff9000 	C:\WINDOWS\SYSTEM32\dbgcore.DLL
0x00007ffb17950000 - 0x00007ffb179e9000 	C:\WINDOWS\System32\bcryptPrimitives.dll
0x00007ffae4580000 - 0x00007ffae458f000 	C:\Users\shahp\.jdks\openjdk-23.0.1\bin\instrument.dll
0x00007ffad8e90000 - 0x00007ffad8eae000 	C:\Users\shahp\.jdks\openjdk-23.0.1\bin\java.dll
0x00007ffb19cd0000 - 0x00007ffb19e65000 	C:\WINDOWS\System32\ole32.dll
0x00007ffb182f0000 - 0x00007ffb18a05000 	C:\WINDOWS\System32\SHELL32.dll
0x00007ffb17eb0000 - 0x00007ffb18018000 	C:\WINDOWS\System32\wintypes.dll

dbghelp: loaded successfully - version: 4.0.5 - missing functions: none
symbol engine: initialized successfully - sym options: 0x614 - pdb path: .;C:\Users\shahp\.jdks\openjdk-23.0.1\bin;C:\WINDOWS\SYSTEM32;C:\WINDOWS\WinSxS\amd64_microsoft.windows.common-controls_6595b64144ccf1df_6.0.26100.3323_none_3e088096e3344490;C:\Users\shahp\.jdks\openjdk-23.0.1\bin\server

VM Arguments:
jvm_args: -Dmaven.multiModuleProjectDirectory=C:\Purav\College\SEM X\Microservices and Architecture\Quick Commerce Frontend + Backend\Quick Commerce Project\Backend\User-Service -Djansi.passthrough=true -Dmaven.home=C:\Users\shahp\.m2\wrapper\dists\apache-maven-3.9.9-bin\4nf9hui3q3djbarqar9g711ggc\apache-maven-3.9.9 -Dclassworlds.conf=C:\Users\shahp\.m2\wrapper\dists\apache-maven-3.9.9-bin\4nf9hui3q3djbarqar9g711ggc\apache-maven-3.9.9\bin\m2.conf -Dmaven.ext.class.path=C:\Program Files\JetBrains\IntelliJ IDEA Community Edition 2024.3.2\plugins\maven\lib\maven-event-listener.jar -javaagent:C:\Program Files\JetBrains\IntelliJ IDEA Community Edition 2024.3.2\lib\idea_rt.jar=64131:C:\Program Files\JetBrains\IntelliJ IDEA Community Edition 2024.3.2\bin -Dfile.encoding=UTF-8 -Dsun.stdout.encoding=UTF-8 -Dsun.stderr.encoding=UTF-8 
java_command: org.codehaus.classworlds.Launcher -Didea.version=2024.3.2 -DskipTests=true clean package
java_class_path (initial): C:\Users\shahp\.m2\wrapper\dists\apache-maven-3.9.9-bin\4nf9hui3q3djbarqar9g711ggc\apache-maven-3.9.9\boot\plexus-classworlds-2.8.0.jar;C:\Users\shahp\.m2\wrapper\dists\apache-maven-3.9.9-bin\4nf9hui3q3djbarqar9g711ggc\apache-maven-3.9.9\boot\plexus-classworlds.license
Launcher Type: SUN_STANDARD

[Global flags]
     intx CICompilerCount                          = 4                                         {product} {ergonomic}
     uint ConcGCThreads                            = 3                                         {product} {ergonomic}
     uint G1ConcRefinementThreads                  = 10                                        {product} {ergonomic}
   size_t G1HeapRegionSize                         = 2097152                                   {product} {ergonomic}
   size_t InitialHeapSize                          = 264241152                                 {product} {ergonomic}
   size_t MarkStackSize                            = 4194304                                   {product} {ergonomic}
   size_t MarkStackSizeMax                         = 536870912                                 {product} {ergonomic}
   size_t MaxHeapSize                              = 4213178368                                {product} {ergonomic}
   size_t MinHeapDeltaBytes                        = 2097152                                   {product} {ergonomic}
   size_t MinHeapSize                              = 8388608                                   {product} {ergonomic}
    uintx NonNMethodCodeHeapSize                   = 5832704                                {pd product} {ergonomic}
    uintx NonProfiledCodeHeapSize                  = 122945536                              {pd product} {ergonomic}
    uintx ProfiledCodeHeapSize                     = 122880000                              {pd product} {ergonomic}
    uintx ReservedCodeCacheSize                    = 251658240                              {pd product} {ergonomic}
     bool SegmentedCodeCache                       = true                                      {product} {ergonomic}
   size_t SoftMaxHeapSize                          = 4213178368                             {manageable} {ergonomic}
     bool UseCompressedOops                        = true                           {product lp64_product} {ergonomic}
     bool UseG1GC                                  = true                                      {product} {ergonomic}
     bool UseLargePagesIndividualAllocation        = false                                  {pd product} {ergonomic}

Logging:
Log output configuration:
 #0: stdout all=warning uptime,level,tags foldmultilines=false
 #1: stderr all=off uptime,level,tags foldmultilines=false

Environment Variables:
PATH=c:\Users\shahp\AppData\Local\Programs\cursor\resources\app\bin;C:\Program Files\Common Files\Oracle\Java\javapath;C:\Program Files (x86)\Common Files\Oracle\Java\java8path;C:\Program Files (x86)\Common Files\Oracle\Java\javapath;C:\Windows\system32;C:\Windows;C:\Windows\System32\Wbem;C:\Windows\System32\WindowsPowerShell\v1.0\;C:\Windows\System32\OpenSSH\;C:\Program Files\dotnet\;C:\Program Files (x86)\NVIDIA Corporation\PhysX\Common;C:\Program Files\Java\jdk-23\bin;C:\Users\shahp\AppData\Local\Packages\PythonSoftwareFoundation.Python.3.11_qbz5n2kfra8p0\LocalCache\local-packages\Python311\Scripts;C:\Program Files\Git\cmd;C:\WINDOWS\system32;C:\WINDOWS;C:\WINDOWS\System32\Wbem;C:\WINDOWS\System32\WindowsPowerShell\v1.0\;C:\WINDOWS\System32\OpenSSH\;C:\Program Files\nodejs\;C:\Users\shahp\AppData\Local\Microsoft\WindowsApps;C:\MinGW\mingw32\bin;C:\MinGW\bin;C:\Program Files\JetBrains\IntelliJ IDEA 2024.3.2\bin;C:\Program Files\JetBrains\IntelliJ IDEA Community Editio;C:\Program Files\Docker\Docker\resources\bin;c:\Users\shahp\AppData\Local\Programs\Trae\bin;C:\Users\shahp\AppData\Local\Microsoft\WindowsApps;C:\Users\shahp\AppData\Local\Programs\Microsoft VS Code\bin;C:\MinGW\mingw32\bin;C:\MinGW\bin;;C:\Program Files\JetBrains\IntelliJ IDEA 2024.3.2\bin;;C:\Program Files\JetBrains\IntelliJ IDEA Community Edition 2024.3.2\bin;;C:\Users\shahp\AppData\Roaming\npm;C:\Users\shahp\AppData\Local\Programs\cursor\resources\app\bin;C:\Users\shahp\AppData\Local\Microsoft\WinGet\Packages\Kubernetes.kind_Microsoft.Winget.Source_8wekyb3d8bbwe;
USERNAME=shahp
OS=Windows_NT
PROCESSOR_IDENTIFIER=Intel64 Family 6 Model 154 Stepping 3, GenuineIntel
TMP=C:\Users\shahp\AppData\Local\Temp
TEMP=C:\Users\shahp\AppData\Local\Temp




Periodic native trim disabled

---------------  S Y S T E M  ---------------

OS:
 Windows 11 , 64 bit Build 26100 (10.0.26100.3323)
OS uptime: 5 days 14:11 hours
Hyper-V role detected

CPU: total 12 (initial active 12) (6 cores per cpu, 2 threads per core) family 6 model 154 stepping 3 microcode 0x430, cx8, cmov, fxsr, ht, mmx, 3dnowpref, sse, sse2, sse3, ssse3, sse4.1, sse4.2, popcnt, lzcnt, tsc, tscinvbit, avx, avx2, aes, erms, clmul, bmi1, bmi2, adx, sha, fma, vzeroupper, clflush, clflushopt, clwb, hv, serialize, rdtscp, rdpid, fsrm, gfni, f16c, cet_ibt, cet_ss
Processor Information for processor 0
  Max Mhz: 2000, Current Mhz: 2000, Mhz Limit: 2000
Processor Information for processor 1
  Max Mhz: 2000, Current Mhz: 2000, Mhz Limit: 2000
Processor Information for processor 2
  Max Mhz: 2000, Current Mhz: 2000, Mhz Limit: 2000
Processor Information for processor 3
  Max Mhz: 2000, Current Mhz: 2000, Mhz Limit: 2000
Processor Information for processor 4
  Max Mhz: 2000, Current Mhz: 2000, Mhz Limit: 2000
Processor Information for processor 5
  Max Mhz: 2000, Current Mhz: 2000, Mhz Limit: 2000
Processor Information for processor 6
  Max Mhz: 2000, Current Mhz: 2000, Mhz Limit: 2000
Processor Information for processor 7
  Max Mhz: 2000, Current Mhz: 2000, Mhz Limit: 2000
Processor Information for processor 8
  Max Mhz: 2000, Current Mhz: 1500, Mhz Limit: 1500
Processor Information for processor 9
  Max Mhz: 2000, Current Mhz: 1500, Mhz Limit: 1500
Processor Information for processor 10
  Max Mhz: 2000, Current Mhz: 1500, Mhz Limit: 1500
Processor Information for processor 11
  Max Mhz: 2000, Current Mhz: 1500, Mhz Limit: 1500

Memory: 4k page, system-wide physical 16071M (611M free)
TotalPageFile size 65223M (AvailPageFile size 155M)
current process WorkingSet (physical memory assigned to process): 13M, peak: 13M
current process commit charge ("private bytes"): 65M, peak: 316M

vm_info: OpenJDK 64-Bit Server VM (23.0.1+11-39) for windows-amd64 JRE (23.0.1+11-39), built on 2024-09-30T07:20:43Z with MS VC++ 17.6 (VS2022)

END.
